<?xml version="1.0" encoding="UTF-8"?>
<testng-results ignored="0" total="1" passed="1" failed="0" skipped="0">
  <reporter-output>
  </reporter-output>
  <suite started-at="2024-06-01T09:08:58Z" name="Default suite" finished-at="2024-06-01T09:09:14Z" duration-ms="15954">
    <groups>
    </groups>
    <test started-at="2024-06-01T09:08:58Z" name="Default test" finished-at="2024-06-01T09:09:14Z" duration-ms="15954">
      <class name="literature_Fiction.Buy_book_From_Popular_autherTest">
        <test-method is-config="true" signature="configBS()[pri:0, instance:literature_Fiction.Buy_book_From_Popular_autherTest@4b520ea8]" started-at="2024-06-01T09:08:58Z" name="configBS" finished-at="2024-06-01T09:08:58Z" duration-ms="160" status="PASS">
          <reporter-output>
          </reporter-output>
        </test-method> <!-- configBS -->
        <test-method is-config="true" signature="configBC()[pri:0, instance:literature_Fiction.Buy_book_From_Popular_autherTest@4b520ea8]" started-at="2024-06-01T09:08:58Z" name="configBC" finished-at="2024-06-01T09:09:07Z" duration-ms="8946" status="PASS">
          <reporter-output>
          </reporter-output>
        </test-method> <!-- configBC -->
        <test-method is-config="true" signature="configBM()[pri:0, instance:literature_Fiction.Buy_book_From_Popular_autherTest@4b520ea8]" started-at="2024-06-01T09:09:07Z" name="configBM" finished-at="2024-06-01T09:09:10Z" duration-ms="3249" status="PASS">
          <reporter-output>
          </reporter-output>
        </test-method> <!-- configBM -->
        <test-method signature="popularAuthorBookTest()[pri:0, instance:literature_Fiction.Buy_book_From_Popular_autherTest@4b520ea8]" started-at="2024-06-01T09:09:10Z" name="popularAuthorBookTest" finished-at="2024-06-01T09:09:13Z" duration-ms="2557" status="PASS">
          <reporter-output>
          </reporter-output>
        </test-method> <!-- popularAuthorBookTest -->
        <test-method is-config="true" signature="configAM()[pri:0, instance:literature_Fiction.Buy_book_From_Popular_autherTest@4b520ea8]" started-at="2024-06-01T09:09:13Z" name="configAM" finished-at="2024-06-01T09:09:13Z" duration-ms="356" status="PASS">
          <reporter-output>
          </reporter-output>
        </test-method> <!-- configAM -->
        <test-method is-config="true" signature="configAC()[pri:0, instance:literature_Fiction.Buy_book_From_Popular_autherTest@4b520ea8]" started-at="2024-06-01T09:09:13Z" name="configAC" finished-at="2024-06-01T09:09:14Z" duration-ms="749" status="PASS">
          <reporter-output>
          </reporter-output>
        </test-method> <!-- configAC -->
        <test-method is-config="true" signature="configAS()[pri:0, instance:literature_Fiction.Buy_book_From_Popular_autherTest@4b520ea8]" started-at="2024-06-01T09:09:14Z" name="configAS" finished-at="2024-06-01T09:09:14Z" duration-ms="1" status="PASS">
          <reporter-output>
          </reporter-output>
        </test-method> <!-- configAS -->
      </class> <!-- literature_Fiction.Buy_book_From_Popular_autherTest -->
    </test> <!-- Default test -->
  </suite> <!-- Default suite -->
</testng-results>
